<?xml version="1.0" encoding="UTF-8"?>
<testsuite xmlns:xsi="http://www.w3.org/2001/XMLSchema-instance" xsi:noNamespaceSchemaLocation="https://maven.apache.org/surefire/maven-surefire-plugin/xsd/surefire-test-report.xsd" name="io.renren.RenrenApplicationTests" time="1.884" tests="1" errors="0" skipped="0" failures="0">
  <properties>
    <property name="sun.desktop" value="windows"/>
    <property name="awt.toolkit" value="sun.awt.windows.WToolkit"/>
    <property name="file.encoding.pkg" value="sun.io"/>
    <property name="java.specification.version" value="1.8"/>
    <property name="sun.cpu.isalist" value="amd64"/>
    <property name="sun.jnu.encoding" value="GBK"/>
    <property name="java.class.path" value="E:\Java\magic-mart\magic-mart\renren-generator\target\test-classes;E:\Java\magic-mart\magic-mart\renren-generator\target\classes;D:\Envs\repository\maven8\org\springframework\boot\spring-boot-starter-test\2.2.6.RELEASE\spring-boot-starter-test-2.2.6.RELEASE.jar;D:\Envs\repository\maven8\org\springframework\boot\spring-boot-starter\2.2.6.RELEASE\spring-boot-starter-2.2.6.RELEASE.jar;D:\Envs\repository\maven8\org\springframework\boot\spring-boot\2.2.6.RELEASE\spring-boot-2.2.6.RELEASE.jar;D:\Envs\repository\maven8\org\springframework\boot\spring-boot-starter-logging\2.2.6.RELEASE\spring-boot-starter-logging-2.2.6.RELEASE.jar;D:\Envs\repository\maven8\ch\qos\logback\logback-classic\1.2.3\logback-classic-1.2.3.jar;D:\Envs\repository\maven8\ch\qos\logback\logback-core\1.2.3\logback-core-1.2.3.jar;D:\Envs\repository\maven8\org\apache\logging\log4j\log4j-to-slf4j\2.12.1\log4j-to-slf4j-2.12.1.jar;D:\Envs\repository\maven8\org\apache\logging\log4j\log4j-api\2.12.1\log4j-api-2.12.1.jar;D:\Envs\repository\maven8\org\slf4j\jul-to-slf4j\1.7.30\jul-to-slf4j-1.7.30.jar;D:\Envs\repository\maven8\jakarta\annotation\jakarta.annotation-api\1.3.5\jakarta.annotation-api-1.3.5.jar;D:\Envs\repository\maven8\org\yaml\snakeyaml\1.25\snakeyaml-1.25.jar;D:\Envs\repository\maven8\org\springframework\boot\spring-boot-test\2.2.6.RELEASE\spring-boot-test-2.2.6.RELEASE.jar;D:\Envs\repository\maven8\org\springframework\boot\spring-boot-test-autoconfigure\2.2.6.RELEASE\spring-boot-test-autoconfigure-2.2.6.RELEASE.jar;D:\Envs\repository\maven8\com\jayway\jsonpath\json-path\2.4.0\json-path-2.4.0.jar;D:\Envs\repository\maven8\net\minidev\json-smart\2.3\json-smart-2.3.jar;D:\Envs\repository\maven8\net\minidev\accessors-smart\1.2\accessors-smart-1.2.jar;D:\Envs\repository\maven8\org\ow2\asm\asm\5.0.4\asm-5.0.4.jar;D:\Envs\repository\maven8\org\slf4j\slf4j-api\1.7.30\slf4j-api-1.7.30.jar;D:\Envs\repository\maven8\jakarta\xml\bind\jakarta.xml.bind-api\2.3.3\jakarta.xml.bind-api-2.3.3.jar;D:\Envs\repository\maven8\jakarta\activation\jakarta.activation-api\1.2.2\jakarta.activation-api-1.2.2.jar;D:\Envs\repository\maven8\org\junit\jupiter\junit-jupiter\5.5.2\junit-jupiter-5.5.2.jar;D:\Envs\repository\maven8\org\junit\jupiter\junit-jupiter-api\5.5.2\junit-jupiter-api-5.5.2.jar;D:\Envs\repository\maven8\org\opentest4j\opentest4j\1.2.0\opentest4j-1.2.0.jar;D:\Envs\repository\maven8\org\junit\platform\junit-platform-commons\1.5.2\junit-platform-commons-1.5.2.jar;D:\Envs\repository\maven8\org\junit\jupiter\junit-jupiter-params\5.5.2\junit-jupiter-params-5.5.2.jar;D:\Envs\repository\maven8\org\junit\jupiter\junit-jupiter-engine\5.5.2\junit-jupiter-engine-5.5.2.jar;D:\Envs\repository\maven8\org\junit\vintage\junit-vintage-engine\5.5.2\junit-vintage-engine-5.5.2.jar;D:\Envs\repository\maven8\org\apiguardian\apiguardian-api\1.1.0\apiguardian-api-1.1.0.jar;D:\Envs\repository\maven8\org\junit\platform\junit-platform-engine\1.5.2\junit-platform-engine-1.5.2.jar;D:\Envs\repository\maven8\junit\junit\4.12\junit-4.12.jar;D:\Envs\repository\maven8\org\mockito\mockito-junit-jupiter\3.1.0\mockito-junit-jupiter-3.1.0.jar;D:\Envs\repository\maven8\org\assertj\assertj-core\3.13.2\assertj-core-3.13.2.jar;D:\Envs\repository\maven8\org\hamcrest\hamcrest\2.1\hamcrest-2.1.jar;D:\Envs\repository\maven8\org\mockito\mockito-core\3.1.0\mockito-core-3.1.0.jar;D:\Envs\repository\maven8\net\bytebuddy\byte-buddy\1.10.8\byte-buddy-1.10.8.jar;D:\Envs\repository\maven8\net\bytebuddy\byte-buddy-agent\1.10.8\byte-buddy-agent-1.10.8.jar;D:\Envs\repository\maven8\org\objenesis\objenesis\2.6\objenesis-2.6.jar;D:\Envs\repository\maven8\org\skyscreamer\jsonassert\1.5.0\jsonassert-1.5.0.jar;D:\Envs\repository\maven8\com\vaadin\external\google\android-json\0.0.20131108.vaadin1\android-json-0.0.20131108.vaadin1.jar;D:\Envs\repository\maven8\org\springframework\spring-core\5.2.5.RELEASE\spring-core-5.2.5.RELEASE.jar;D:\Envs\repository\maven8\org\springframework\spring-jcl\5.2.5.RELEASE\spring-jcl-5.2.5.RELEASE.jar;D:\Envs\repository\maven8\org\springframework\spring-test\5.2.5.RELEASE\spring-test-5.2.5.RELEASE.jar;D:\Envs\repository\maven8\org\xmlunit\xmlunit-core\2.6.4\xmlunit-core-2.6.4.jar;D:\Envs\repository\maven8\org\springframework\boot\spring-boot-starter-web\2.2.6.RELEASE\spring-boot-starter-web-2.2.6.RELEASE.jar;D:\Envs\repository\maven8\org\springframework\boot\spring-boot-starter-json\2.2.6.RELEASE\spring-boot-starter-json-2.2.6.RELEASE.jar;D:\Envs\repository\maven8\com\fasterxml\jackson\core\jackson-databind\2.10.3\jackson-databind-2.10.3.jar;D:\Envs\repository\maven8\com\fasterxml\jackson\core\jackson-annotations\2.10.3\jackson-annotations-2.10.3.jar;D:\Envs\repository\maven8\com\fasterxml\jackson\core\jackson-core\2.10.3\jackson-core-2.10.3.jar;D:\Envs\repository\maven8\com\fasterxml\jackson\datatype\jackson-datatype-jdk8\2.10.3\jackson-datatype-jdk8-2.10.3.jar;D:\Envs\repository\maven8\com\fasterxml\jackson\datatype\jackson-datatype-jsr310\2.10.3\jackson-datatype-jsr310-2.10.3.jar;D:\Envs\repository\maven8\com\fasterxml\jackson\module\jackson-module-parameter-names\2.10.3\jackson-module-parameter-names-2.10.3.jar;D:\Envs\repository\maven8\org\springframework\boot\spring-boot-starter-tomcat\2.2.6.RELEASE\spring-boot-starter-tomcat-2.2.6.RELEASE.jar;D:\Envs\repository\maven8\org\apache\tomcat\embed\tomcat-embed-core\9.0.33\tomcat-embed-core-9.0.33.jar;D:\Envs\repository\maven8\org\apache\tomcat\embed\tomcat-embed-el\9.0.33\tomcat-embed-el-9.0.33.jar;D:\Envs\repository\maven8\org\apache\tomcat\embed\tomcat-embed-websocket\9.0.33\tomcat-embed-websocket-9.0.33.jar;D:\Envs\repository\maven8\org\springframework\boot\spring-boot-starter-validation\2.2.6.RELEASE\spring-boot-starter-validation-2.2.6.RELEASE.jar;D:\Envs\repository\maven8\jakarta\validation\jakarta.validation-api\2.0.2\jakarta.validation-api-2.0.2.jar;D:\Envs\repository\maven8\org\hibernate\validator\hibernate-validator\6.0.18.Final\hibernate-validator-6.0.18.Final.jar;D:\Envs\repository\maven8\org\jboss\logging\jboss-logging\3.4.1.Final\jboss-logging-3.4.1.Final.jar;D:\Envs\repository\maven8\com\fasterxml\classmate\1.5.1\classmate-1.5.1.jar;D:\Envs\repository\maven8\org\springframework\spring-web\5.2.5.RELEASE\spring-web-5.2.5.RELEASE.jar;D:\Envs\repository\maven8\org\springframework\spring-beans\5.2.5.RELEASE\spring-beans-5.2.5.RELEASE.jar;D:\Envs\repository\maven8\org\springframework\spring-webmvc\5.2.5.RELEASE\spring-webmvc-5.2.5.RELEASE.jar;D:\Envs\repository\maven8\org\springframework\spring-aop\5.2.5.RELEASE\spring-aop-5.2.5.RELEASE.jar;D:\Envs\repository\maven8\org\springframework\spring-context\5.2.5.RELEASE\spring-context-5.2.5.RELEASE.jar;D:\Envs\repository\maven8\org\springframework\spring-expression\5.2.5.RELEASE\spring-expression-5.2.5.RELEASE.jar;D:\Envs\repository\maven8\com\baomidou\mybatis-plus-boot-starter\3.3.1\mybatis-plus-boot-starter-3.3.1.jar;D:\Envs\repository\maven8\com\baomidou\mybatis-plus\3.3.1\mybatis-plus-3.3.1.jar;D:\Envs\repository\maven8\com\baomidou\mybatis-plus-extension\3.3.1\mybatis-plus-extension-3.3.1.jar;D:\Envs\repository\maven8\com\baomidou\mybatis-plus-core\3.3.1\mybatis-plus-core-3.3.1.jar;D:\Envs\repository\maven8\com\baomidou\mybatis-plus-annotation\3.3.1\mybatis-plus-annotation-3.3.1.jar;D:\Envs\repository\maven8\org\mybatis\mybatis\3.5.3\mybatis-3.5.3.jar;D:\Envs\repository\maven8\org\mybatis\mybatis-spring\2.0.3\mybatis-spring-2.0.3.jar;D:\Envs\repository\maven8\org\springframework\boot\spring-boot-autoconfigure\2.2.6.RELEASE\spring-boot-autoconfigure-2.2.6.RELEASE.jar;D:\Envs\repository\maven8\org\springframework\boot\spring-boot-starter-jdbc\2.2.6.RELEASE\spring-boot-starter-jdbc-2.2.6.RELEASE.jar;D:\Envs\repository\maven8\com\zaxxer\HikariCP\3.4.2\HikariCP-3.4.2.jar;D:\Envs\repository\maven8\org\springframework\spring-jdbc\5.2.5.RELEASE\spring-jdbc-5.2.5.RELEASE.jar;D:\Envs\repository\maven8\org\springframework\spring-tx\5.2.5.RELEASE\spring-tx-5.2.5.RELEASE.jar;D:\Envs\repository\maven8\com\alibaba\druid\1.1.13\druid-1.1.13.jar;D:\Envs\repository\maven8\commons-lang\commons-lang\2.6\commons-lang-2.6.jar;D:\Envs\repository\maven8\commons-io\commons-io\2.5\commons-io-2.5.jar;D:\Envs\repository\maven8\commons-configuration\commons-configuration\1.10\commons-configuration-1.10.jar;D:\Envs\repository\maven8\commons-logging\commons-logging\1.1.1\commons-logging-1.1.1.jar;D:\Envs\repository\maven8\com\alibaba\fastjson\1.2.60\fastjson-1.2.60.jar;D:\Envs\repository\maven8\org\apache\velocity\velocity\1.7\velocity-1.7.jar;D:\Envs\repository\maven8\commons-collections\commons-collections\3.2.1\commons-collections-3.2.1.jar;D:\Envs\repository\maven8\com\github\pagehelper\pagehelper-spring-boot-starter\1.2.5\pagehelper-spring-boot-starter-1.2.5.jar;D:\Envs\repository\maven8\org\mybatis\spring\boot\mybatis-spring-boot-starter\1.3.2\mybatis-spring-boot-starter-1.3.2.jar;D:\Envs\repository\maven8\org\mybatis\spring\boot\mybatis-spring-boot-autoconfigure\1.3.2\mybatis-spring-boot-autoconfigure-1.3.2.jar;D:\Envs\repository\maven8\com\github\pagehelper\pagehelper-spring-boot-autoconfigure\1.2.5\pagehelper-spring-boot-autoconfigure-1.2.5.jar;D:\Envs\repository\maven8\com\github\pagehelper\pagehelper\5.1.4\pagehelper-5.1.4.jar;D:\Envs\repository\maven8\com\github\jsqlparser\jsqlparser\1.0\jsqlparser-1.0.jar;D:\Envs\repository\maven8\mysql\mysql-connector-java\8.0.17\mysql-connector-java-8.0.17.jar;D:\Envs\repository\maven8\org\mongodb\mongo-java-driver\3.11.0\mongo-java-driver-3.11.0.jar;"/>
    <property name="java.vm.vendor" value="Amazon.com Inc."/>
    <property name="sun.arch.data.model" value="64"/>
    <property name="user.variant" value=""/>
    <property name="java.vendor.url" value="https://aws.amazon.com/corretto/"/>
    <property name="user.timezone" value="Asia/Shanghai"/>
    <property name="java.vm.specification.version" value="1.8"/>
    <property name="os.name" value="Windows 11"/>
    <property name="user.country" value="CN"/>
    <property name="sun.java.launcher" value="SUN_STANDARD"/>
    <property name="sun.boot.library.path" value="D:\Envs\JDK\corretto-1.8.0_382\jre\bin"/>
    <property name="sun.java.command" value="C:\Users\12633\AppData\Local\Temp\surefire7242747305081872909\surefirebooter640822139414535460.jar C:\Users\12633\AppData\Local\Temp\surefire7242747305081872909 2023-11-20T01-25-24_168-jvmRun1 surefire5202295388145583933tmp surefire_05207781110662724643tmp"/>
    <property name="surefire.test.class.path" value="E:\Java\magic-mart\magic-mart\renren-generator\target\test-classes;E:\Java\magic-mart\magic-mart\renren-generator\target\classes;D:\Envs\repository\maven8\org\springframework\boot\spring-boot-starter-test\2.2.6.RELEASE\spring-boot-starter-test-2.2.6.RELEASE.jar;D:\Envs\repository\maven8\org\springframework\boot\spring-boot-starter\2.2.6.RELEASE\spring-boot-starter-2.2.6.RELEASE.jar;D:\Envs\repository\maven8\org\springframework\boot\spring-boot\2.2.6.RELEASE\spring-boot-2.2.6.RELEASE.jar;D:\Envs\repository\maven8\org\springframework\boot\spring-boot-starter-logging\2.2.6.RELEASE\spring-boot-starter-logging-2.2.6.RELEASE.jar;D:\Envs\repository\maven8\ch\qos\logback\logback-classic\1.2.3\logback-classic-1.2.3.jar;D:\Envs\repository\maven8\ch\qos\logback\logback-core\1.2.3\logback-core-1.2.3.jar;D:\Envs\repository\maven8\org\apache\logging\log4j\log4j-to-slf4j\2.12.1\log4j-to-slf4j-2.12.1.jar;D:\Envs\repository\maven8\org\apache\logging\log4j\log4j-api\2.12.1\log4j-api-2.12.1.jar;D:\Envs\repository\maven8\org\slf4j\jul-to-slf4j\1.7.30\jul-to-slf4j-1.7.30.jar;D:\Envs\repository\maven8\jakarta\annotation\jakarta.annotation-api\1.3.5\jakarta.annotation-api-1.3.5.jar;D:\Envs\repository\maven8\org\yaml\snakeyaml\1.25\snakeyaml-1.25.jar;D:\Envs\repository\maven8\org\springframework\boot\spring-boot-test\2.2.6.RELEASE\spring-boot-test-2.2.6.RELEASE.jar;D:\Envs\repository\maven8\org\springframework\boot\spring-boot-test-autoconfigure\2.2.6.RELEASE\spring-boot-test-autoconfigure-2.2.6.RELEASE.jar;D:\Envs\repository\maven8\com\jayway\jsonpath\json-path\2.4.0\json-path-2.4.0.jar;D:\Envs\repository\maven8\net\minidev\json-smart\2.3\json-smart-2.3.jar;D:\Envs\repository\maven8\net\minidev\accessors-smart\1.2\accessors-smart-1.2.jar;D:\Envs\repository\maven8\org\ow2\asm\asm\5.0.4\asm-5.0.4.jar;D:\Envs\repository\maven8\org\slf4j\slf4j-api\1.7.30\slf4j-api-1.7.30.jar;D:\Envs\repository\maven8\jakarta\xml\bind\jakarta.xml.bind-api\2.3.3\jakarta.xml.bind-api-2.3.3.jar;D:\Envs\repository\maven8\jakarta\activation\jakarta.activation-api\1.2.2\jakarta.activation-api-1.2.2.jar;D:\Envs\repository\maven8\org\junit\jupiter\junit-jupiter\5.5.2\junit-jupiter-5.5.2.jar;D:\Envs\repository\maven8\org\junit\jupiter\junit-jupiter-api\5.5.2\junit-jupiter-api-5.5.2.jar;D:\Envs\repository\maven8\org\opentest4j\opentest4j\1.2.0\opentest4j-1.2.0.jar;D:\Envs\repository\maven8\org\junit\platform\junit-platform-commons\1.5.2\junit-platform-commons-1.5.2.jar;D:\Envs\repository\maven8\org\junit\jupiter\junit-jupiter-params\5.5.2\junit-jupiter-params-5.5.2.jar;D:\Envs\repository\maven8\org\junit\jupiter\junit-jupiter-engine\5.5.2\junit-jupiter-engine-5.5.2.jar;D:\Envs\repository\maven8\org\junit\vintage\junit-vintage-engine\5.5.2\junit-vintage-engine-5.5.2.jar;D:\Envs\repository\maven8\org\apiguardian\apiguardian-api\1.1.0\apiguardian-api-1.1.0.jar;D:\Envs\repository\maven8\org\junit\platform\junit-platform-engine\1.5.2\junit-platform-engine-1.5.2.jar;D:\Envs\repository\maven8\junit\junit\4.12\junit-4.12.jar;D:\Envs\repository\maven8\org\mockito\mockito-junit-jupiter\3.1.0\mockito-junit-jupiter-3.1.0.jar;D:\Envs\repository\maven8\org\assertj\assertj-core\3.13.2\assertj-core-3.13.2.jar;D:\Envs\repository\maven8\org\hamcrest\hamcrest\2.1\hamcrest-2.1.jar;D:\Envs\repository\maven8\org\mockito\mockito-core\3.1.0\mockito-core-3.1.0.jar;D:\Envs\repository\maven8\net\bytebuddy\byte-buddy\1.10.8\byte-buddy-1.10.8.jar;D:\Envs\repository\maven8\net\bytebuddy\byte-buddy-agent\1.10.8\byte-buddy-agent-1.10.8.jar;D:\Envs\repository\maven8\org\objenesis\objenesis\2.6\objenesis-2.6.jar;D:\Envs\repository\maven8\org\skyscreamer\jsonassert\1.5.0\jsonassert-1.5.0.jar;D:\Envs\repository\maven8\com\vaadin\external\google\android-json\0.0.20131108.vaadin1\android-json-0.0.20131108.vaadin1.jar;D:\Envs\repository\maven8\org\springframework\spring-core\5.2.5.RELEASE\spring-core-5.2.5.RELEASE.jar;D:\Envs\repository\maven8\org\springframework\spring-jcl\5.2.5.RELEASE\spring-jcl-5.2.5.RELEASE.jar;D:\Envs\repository\maven8\org\springframework\spring-test\5.2.5.RELEASE\spring-test-5.2.5.RELEASE.jar;D:\Envs\repository\maven8\org\xmlunit\xmlunit-core\2.6.4\xmlunit-core-2.6.4.jar;D:\Envs\repository\maven8\org\springframework\boot\spring-boot-starter-web\2.2.6.RELEASE\spring-boot-starter-web-2.2.6.RELEASE.jar;D:\Envs\repository\maven8\org\springframework\boot\spring-boot-starter-json\2.2.6.RELEASE\spring-boot-starter-json-2.2.6.RELEASE.jar;D:\Envs\repository\maven8\com\fasterxml\jackson\core\jackson-databind\2.10.3\jackson-databind-2.10.3.jar;D:\Envs\repository\maven8\com\fasterxml\jackson\core\jackson-annotations\2.10.3\jackson-annotations-2.10.3.jar;D:\Envs\repository\maven8\com\fasterxml\jackson\core\jackson-core\2.10.3\jackson-core-2.10.3.jar;D:\Envs\repository\maven8\com\fasterxml\jackson\datatype\jackson-datatype-jdk8\2.10.3\jackson-datatype-jdk8-2.10.3.jar;D:\Envs\repository\maven8\com\fasterxml\jackson\datatype\jackson-datatype-jsr310\2.10.3\jackson-datatype-jsr310-2.10.3.jar;D:\Envs\repository\maven8\com\fasterxml\jackson\module\jackson-module-parameter-names\2.10.3\jackson-module-parameter-names-2.10.3.jar;D:\Envs\repository\maven8\org\springframework\boot\spring-boot-starter-tomcat\2.2.6.RELEASE\spring-boot-starter-tomcat-2.2.6.RELEASE.jar;D:\Envs\repository\maven8\org\apache\tomcat\embed\tomcat-embed-core\9.0.33\tomcat-embed-core-9.0.33.jar;D:\Envs\repository\maven8\org\apache\tomcat\embed\tomcat-embed-el\9.0.33\tomcat-embed-el-9.0.33.jar;D:\Envs\repository\maven8\org\apache\tomcat\embed\tomcat-embed-websocket\9.0.33\tomcat-embed-websocket-9.0.33.jar;D:\Envs\repository\maven8\org\springframework\boot\spring-boot-starter-validation\2.2.6.RELEASE\spring-boot-starter-validation-2.2.6.RELEASE.jar;D:\Envs\repository\maven8\jakarta\validation\jakarta.validation-api\2.0.2\jakarta.validation-api-2.0.2.jar;D:\Envs\repository\maven8\org\hibernate\validator\hibernate-validator\6.0.18.Final\hibernate-validator-6.0.18.Final.jar;D:\Envs\repository\maven8\org\jboss\logging\jboss-logging\3.4.1.Final\jboss-logging-3.4.1.Final.jar;D:\Envs\repository\maven8\com\fasterxml\classmate\1.5.1\classmate-1.5.1.jar;D:\Envs\repository\maven8\org\springframework\spring-web\5.2.5.RELEASE\spring-web-5.2.5.RELEASE.jar;D:\Envs\repository\maven8\org\springframework\spring-beans\5.2.5.RELEASE\spring-beans-5.2.5.RELEASE.jar;D:\Envs\repository\maven8\org\springframework\spring-webmvc\5.2.5.RELEASE\spring-webmvc-5.2.5.RELEASE.jar;D:\Envs\repository\maven8\org\springframework\spring-aop\5.2.5.RELEASE\spring-aop-5.2.5.RELEASE.jar;D:\Envs\repository\maven8\org\springframework\spring-context\5.2.5.RELEASE\spring-context-5.2.5.RELEASE.jar;D:\Envs\repository\maven8\org\springframework\spring-expression\5.2.5.RELEASE\spring-expression-5.2.5.RELEASE.jar;D:\Envs\repository\maven8\com\baomidou\mybatis-plus-boot-starter\3.3.1\mybatis-plus-boot-starter-3.3.1.jar;D:\Envs\repository\maven8\com\baomidou\mybatis-plus\3.3.1\mybatis-plus-3.3.1.jar;D:\Envs\repository\maven8\com\baomidou\mybatis-plus-extension\3.3.1\mybatis-plus-extension-3.3.1.jar;D:\Envs\repository\maven8\com\baomidou\mybatis-plus-core\3.3.1\mybatis-plus-core-3.3.1.jar;D:\Envs\repository\maven8\com\baomidou\mybatis-plus-annotation\3.3.1\mybatis-plus-annotation-3.3.1.jar;D:\Envs\repository\maven8\org\mybatis\mybatis\3.5.3\mybatis-3.5.3.jar;D:\Envs\repository\maven8\org\mybatis\mybatis-spring\2.0.3\mybatis-spring-2.0.3.jar;D:\Envs\repository\maven8\org\springframework\boot\spring-boot-autoconfigure\2.2.6.RELEASE\spring-boot-autoconfigure-2.2.6.RELEASE.jar;D:\Envs\repository\maven8\org\springframework\boot\spring-boot-starter-jdbc\2.2.6.RELEASE\spring-boot-starter-jdbc-2.2.6.RELEASE.jar;D:\Envs\repository\maven8\com\zaxxer\HikariCP\3.4.2\HikariCP-3.4.2.jar;D:\Envs\repository\maven8\org\springframework\spring-jdbc\5.2.5.RELEASE\spring-jdbc-5.2.5.RELEASE.jar;D:\Envs\repository\maven8\org\springframework\spring-tx\5.2.5.RELEASE\spring-tx-5.2.5.RELEASE.jar;D:\Envs\repository\maven8\com\alibaba\druid\1.1.13\druid-1.1.13.jar;D:\Envs\repository\maven8\commons-lang\commons-lang\2.6\commons-lang-2.6.jar;D:\Envs\repository\maven8\commons-io\commons-io\2.5\commons-io-2.5.jar;D:\Envs\repository\maven8\commons-configuration\commons-configuration\1.10\commons-configuration-1.10.jar;D:\Envs\repository\maven8\commons-logging\commons-logging\1.1.1\commons-logging-1.1.1.jar;D:\Envs\repository\maven8\com\alibaba\fastjson\1.2.60\fastjson-1.2.60.jar;D:\Envs\repository\maven8\org\apache\velocity\velocity\1.7\velocity-1.7.jar;D:\Envs\repository\maven8\commons-collections\commons-collections\3.2.1\commons-collections-3.2.1.jar;D:\Envs\repository\maven8\com\github\pagehelper\pagehelper-spring-boot-starter\1.2.5\pagehelper-spring-boot-starter-1.2.5.jar;D:\Envs\repository\maven8\org\mybatis\spring\boot\mybatis-spring-boot-starter\1.3.2\mybatis-spring-boot-starter-1.3.2.jar;D:\Envs\repository\maven8\org\mybatis\spring\boot\mybatis-spring-boot-autoconfigure\1.3.2\mybatis-spring-boot-autoconfigure-1.3.2.jar;D:\Envs\repository\maven8\com\github\pagehelper\pagehelper-spring-boot-autoconfigure\1.2.5\pagehelper-spring-boot-autoconfigure-1.2.5.jar;D:\Envs\repository\maven8\com\github\pagehelper\pagehelper\5.1.4\pagehelper-5.1.4.jar;D:\Envs\repository\maven8\com\github\jsqlparser\jsqlparser\1.0\jsqlparser-1.0.jar;D:\Envs\repository\maven8\mysql\mysql-connector-java\8.0.17\mysql-connector-java-8.0.17.jar;D:\Envs\repository\maven8\org\mongodb\mongo-java-driver\3.11.0\mongo-java-driver-3.11.0.jar;"/>
    <property name="sun.cpu.endian" value="little"/>
    <property name="user.home" value="C:\Users\12633"/>
    <property name="user.language" value="zh"/>
    <property name="java.specification.vendor" value="Oracle Corporation"/>
    <property name="java.home" value="D:\Envs\JDK\corretto-1.8.0_382\jre"/>
    <property name="basedir" value="E:\Java\magic-mart\magic-mart\renren-generator"/>
    <property name="file.separator" value="\"/>
    <property name="line.separator" value="&#10;"/>
    <property name="java.vm.specification.vendor" value="Oracle Corporation"/>
    <property name="java.specification.name" value="Java Platform API Specification"/>
    <property name="java.awt.graphicsenv" value="sun.awt.Win32GraphicsEnvironment"/>
    <property name="surefire.real.class.path" value="C:\Users\12633\AppData\Local\Temp\surefire7242747305081872909\surefirebooter640822139414535460.jar"/>
    <property name="sun.boot.class.path" value="D:\Envs\JDK\corretto-1.8.0_382\jre\lib\resources.jar;D:\Envs\JDK\corretto-1.8.0_382\jre\lib\rt.jar;D:\Envs\JDK\corretto-1.8.0_382\jre\lib\sunrsasign.jar;D:\Envs\JDK\corretto-1.8.0_382\jre\lib\jsse.jar;D:\Envs\JDK\corretto-1.8.0_382\jre\lib\jce.jar;D:\Envs\JDK\corretto-1.8.0_382\jre\lib\charsets.jar;D:\Envs\JDK\corretto-1.8.0_382\jre\lib\jfr.jar;D:\Envs\JDK\corretto-1.8.0_382\jre\classes"/>
    <property name="user.script" value=""/>
    <property name="sun.management.compiler" value="HotSpot 64-Bit Tiered Compilers"/>
    <property name="java.runtime.version" value="1.8.0_382-b05"/>
    <property name="user.name" value="12633"/>
    <property name="path.separator" value=";"/>
    <property name="os.version" value="10.0"/>
    <property name="java.endorsed.dirs" value="D:\Envs\JDK\corretto-1.8.0_382\jre\lib\endorsed"/>
    <property name="java.runtime.name" value="OpenJDK Runtime Environment"/>
    <property name="file.encoding" value="GBK"/>
    <property name="java.vm.name" value="OpenJDK 64-Bit Server VM"/>
    <property name="localRepository" value="D:\Envs\repository\maven8"/>
    <property name="java.vendor.url.bug" value="https://github.com/corretto/corretto-8/issues/"/>
    <property name="java.io.tmpdir" value="C:\Users\12633\AppData\Local\Temp\"/>
    <property name="idea.version" value="2022.2.5"/>
    <property name="java.version" value="1.8.0_382"/>
    <property name="user.dir" value="E:\Java\magic-mart\magic-mart\renren-generator"/>
    <property name="os.arch" value="amd64"/>
    <property name="java.vm.specification.name" value="Java Virtual Machine Specification"/>
    <property name="java.awt.printerjob" value="sun.awt.windows.WPrinterJob"/>
    <property name="sun.os.patch.level" value=""/>
    <property name="java.library.path" value="D:\Envs\JDK\corretto-1.8.0_382\jre\bin;C:\WINDOWS\Sun\Java\bin;C:\WINDOWS\system32;C:\WINDOWS;D:\Envs\VMware\bin\;C:\Windows\system32;C:\Windows;C:\Windows\System32\Wbem;C:\Windows\System32\WindowsPowerShell\v1.0\;C:\Windows\System32\OpenSSH\;C:\Program Files (x86)\NVIDIA Corporation\PhysX\Common;C:\Program Files\NVIDIA Corporation\NVIDIA NvDLISR;C:\WINDOWS\system32;C:\WINDOWS;C:\WINDOWS\System32\Wbem;C:\WINDOWS\System32\WindowsPowerShell\v1.0\;C:\WINDOWS\System32\OpenSSH\;D:\Tool\Xshell_Xftp\Xshell\;D:\Tool\Xshell_Xftp\Xftp\;D:\Envs\conda;D:\Envs\conda\Scripts;D:\Envs\conda\Library\bin;D:\Envs\conda\Library\mingw-w64\bin;C:\Program Files\Microsoft SQL Server\150\Tools\Binn\;C:\Program Files\Microsoft SQL Server\Client SDK\ODBC\170\Tools\Binn\;C:\Program Files\dotnet\;C:\Program Files (x86)\Windows Kits\10\Windows Performance Toolkit\;D:\Tool\git\Git\cmd;C:\Program Files\Docker\Docker\resources\bin;D:\Envs\JDK\corretto-1.8.0_382\bin;D:\Envs\JDK\corretto-1.8.0_382\jre;D:\Envs\maven\apache-maven-3.8.8\bin;D:\Envs\rocketmq-5.1.3\bin;C:\Program Files\MySQL\MySQL Server 8.0\bin;D:\Envs\Vagrant\bin;D:\Envs\Redis-x64-5.0.14.1;D:\Envs\rocketmq-5.1.3\bin;D:\Envs\nodejs\node_global;D:\Envs\nodejs\;C:\Users\12633\AppData\Local\Microsoft\WindowsApps;;D:\IDE\VScode\Microsoft VS Code\bin;C:\Users\12633\.dotnet\tools;D:\IDE\IDEA\IntelliJ IDEA 2020.1.1\bin;;C:\Users\12633\AppData\Roaming\npm;."/>
    <property name="java.vm.info" value="mixed mode"/>
    <property name="java.vendor" value="Amazon.com Inc."/>
    <property name="java.vm.version" value="25.382-b05"/>
    <property name="java.specification.maintenance.version" value="5"/>
    <property name="java.ext.dirs" value="D:\Envs\JDK\corretto-1.8.0_382\jre\lib\ext;C:\WINDOWS\Sun\Java\lib\ext"/>
    <property name="sun.io.unicode.encoding" value="UnicodeLittle"/>
    <property name="java.class.version" value="52.0"/>
  </properties>
  <testcase name="contextLoads" classname="io.renren.RenrenApplicationTests" time="0.119"/>
</testsuite>